<?xml version="1.0" encoding="UTF-8"?>
<!-- Generated by org.testng.reporters.JUnitXMLReporter -->
<testsuite ignored="0" hostname="DESKTOP-A9223PE" failures="0" tests="7" name="CMC ADMIN LOGIN TESTCASES" time="213.705" errors="0" timestamp="2021-03-25T11:08:26 IST">
  <testcase classname="CMCadmintest.Loginpagetest" name="logintest" time="21.027"/>
  <testcase classname="CMCadmintest.Loginpagetest" name="verifylogo" time="0.294"/>
  <testcase classname="CMCadmintest.Loginpagetest" name="verifytitle" time="0.02"/>
  <testcase classname="CMCadmintest.Homepagetest" name="verifyhomepage" time="0.446"/>
  <testcase classname="CMCadmintest.Frontofficepagetest" name="frontofficetest" time="3.441"/>
  <testcase classname="CMCadmintest.Frontofficepagetest" name="verifyfrontoffice" time="0.102"/>
  <testcase classname="CMCadmintest.Visitorpagetest" name="addvisitordetails" time="24.61"/>
</testsuite> <!-- CMC ADMIN LOGIN TESTCASES -->
